{"F:\\Relevel\\Ecommerce App\\ecommerce app\\configs\\db.config.js": {"path":"F:\\Relevel\\Ecommerce App\\ecommerce app\\configs\\db.config.js","statementMap":{"0":{"start":{"line":5,"column":0},"end":{"line":17,"column":1}}},"fnMap":{},"branchMap":{},"s":{"0":1},"f":{},"b":{},"_coverageSchema":"1a1c01bbd47fc00a2c39e90264f33305004495a9","hash":"b21a242adbab5ddfd33ca58a0f71d76893452375"}
,"F:\\Relevel\\Ecommerce App\\ecommerce app\\configs\\secret.config.js": {"path":"F:\\Relevel\\Ecommerce App\\ecommerce app\\configs\\secret.config.js","statementMap":{"0":{"start":{"line":1,"column":0},"end":{"line":3,"column":1}}},"fnMap":{},"branchMap":{},"s":{"0":1},"f":{},"b":{},"_coverageSchema":"1a1c01bbd47fc00a2c39e90264f33305004495a9","hash":"397a5c661bd10e7f6d1be83bc78180f8e299e921"}
,"F:\\Relevel\\Ecommerce App\\ecommerce app\\controllers\\auth.controller.js": {"path":"F:\\Relevel\\Ecommerce App\\ecommerce app\\controllers\\auth.controller.js","statementMap":{"0":{"start":{"line":1,"column":11},"end":{"line":1,"column":31}},"1":{"start":{"line":3,"column":15},"end":{"line":3,"column":34}},"2":{"start":{"line":4,"column":19},"end":{"line":4,"column":54}},"3":{"start":{"line":7,"column":13},"end":{"line":7,"column":20}},"4":{"start":{"line":8,"column":13},"end":{"line":8,"column":20}},"5":{"start":{"line":9,"column":11},"end":{"line":9,"column":26}},"6":{"start":{"line":11,"column":12},"end":{"line":11,"column":35}},"7":{"start":{"line":15,"column":0},"end":{"line":82,"column":1}},"8":{"start":{"line":16,"column":4},"end":{"line":16,"column":48}},"9":{"start":{"line":17,"column":4},"end":{"line":17,"column":50}},"10":{"start":{"line":18,"column":4},"end":{"line":18,"column":55}},"11":{"start":{"line":20,"column":20},"end":{"line":24,"column":5}},"12":{"start":{"line":27,"column":4},"end":{"line":80,"column":6}},"13":{"start":{"line":29,"column":8},"end":{"line":29,"column":35}},"14":{"start":{"line":31,"column":8},"end":{"line":73,"column":9}},"15":{"start":{"line":35,"column":12},"end":{"line":51,"column":14}},"16":{"start":{"line":43,"column":16},"end":{"line":43,"column":44}},"17":{"start":{"line":45,"column":16},"end":{"line":50,"column":18}},"18":{"start":{"line":46,"column":20},"end":{"line":46,"column":88}},"19":{"start":{"line":47,"column":20},"end":{"line":49,"column":22}},"20":{"start":{"line":67,"column":12},"end":{"line":72,"column":14}},"21":{"start":{"line":68,"column":16},"end":{"line":68,"column":54}},"22":{"start":{"line":69,"column":16},"end":{"line":71,"column":18}},"23":{"start":{"line":76,"column":8},"end":{"line":76,"column":62}},"24":{"start":{"line":77,"column":8},"end":{"line":79,"column":10}},"25":{"start":{"line":86,"column":0},"end":{"line":136,"column":1}},"26":{"start":{"line":88,"column":4},"end":{"line":134,"column":6}},"27":{"start":{"line":93,"column":8},"end":{"line":97,"column":9}},"28":{"start":{"line":94,"column":12},"end":{"line":96,"column":14}},"29":{"start":{"line":99,"column":30},"end":{"line":99,"column":82}},"30":{"start":{"line":101,"column":8},"end":{"line":105,"column":9}},"31":{"start":{"line":102,"column":12},"end":{"line":104,"column":14}},"32":{"start":{"line":107,"column":20},"end":{"line":107,"column":84}},"33":{"start":{"line":108,"column":8},"end":{"line":108,"column":56}},"34":{"start":{"line":114,"column":26},"end":{"line":114,"column":28}},"35":{"start":{"line":115,"column":8},"end":{"line":128,"column":11}},"36":{"start":{"line":117,"column":12},"end":{"line":119,"column":13}},"37":{"start":{"line":118,"column":16},"end":{"line":118,"column":71}},"38":{"start":{"line":121,"column":12},"end":{"line":127,"column":14}},"39":{"start":{"line":131,"column":8},"end":{"line":133,"column":10}}},"fnMap":{"0":{"name":"(anonymous_0)","decl":{"start":{"line":15,"column":17},"end":{"line":15,"column":18}},"loc":{"start":{"line":15,"column":31},"end":{"line":82,"column":1}},"line":15},"1":{"name":"(anonymous_1)","decl":{"start":{"line":27,"column":30},"end":{"line":27,"column":31}},"loc":{"start":{"line":27,"column":38},"end":{"line":75,"column":5}},"line":27},"2":{"name":"(anonymous_2)","decl":{"start":{"line":42,"column":20},"end":{"line":42,"column":21}},"loc":{"start":{"line":42,"column":29},"end":{"line":51,"column":13}},"line":42},"3":{"name":"(anonymous_3)","decl":{"start":{"line":45,"column":42},"end":{"line":45,"column":43}},"loc":{"start":{"line":45,"column":48},"end":{"line":50,"column":17}},"line":45},"4":{"name":"(anonymous_4)","decl":{"start":{"line":67,"column":36},"end":{"line":67,"column":37}},"loc":{"start":{"line":67,"column":42},"end":{"line":72,"column":13}},"line":67},"5":{"name":"(anonymous_5)","decl":{"start":{"line":75,"column":13},"end":{"line":75,"column":14}},"loc":{"start":{"line":75,"column":20},"end":{"line":80,"column":5}},"line":75},"6":{"name":"(anonymous_6)","decl":{"start":{"line":86,"column":17},"end":{"line":86,"column":18}},"loc":{"start":{"line":86,"column":31},"end":{"line":136,"column":1}},"line":86},"7":{"name":"(anonymous_7)","decl":{"start":{"line":92,"column":12},"end":{"line":92,"column":13}},"loc":{"start":{"line":92,"column":20},"end":{"line":130,"column":5}},"line":92},"8":{"name":"(anonymous_8)","decl":{"start":{"line":115,"column":29},"end":{"line":115,"column":30}},"loc":{"start":{"line":115,"column":38},"end":{"line":128,"column":9}},"line":115},"9":{"name":"(anonymous_9)","decl":{"start":{"line":130,"column":13},"end":{"line":130,"column":14}},"loc":{"start":{"line":130,"column":18},"end":{"line":134,"column":5}},"line":130}},"branchMap":{"0":{"loc":{"start":{"line":31,"column":8},"end":{"line":73,"column":9}},"type":"if","locations":[{"start":{"line":31,"column":8},"end":{"line":73,"column":9}},{"start":{"line":52,"column":15},"end":{"line":73,"column":9}}],"line":31},"1":{"loc":{"start":{"line":93,"column":8},"end":{"line":97,"column":9}},"type":"if","locations":[{"start":{"line":93,"column":8},"end":{"line":97,"column":9}},{"start":{},"end":{}}],"line":93},"2":{"loc":{"start":{"line":101,"column":8},"end":{"line":105,"column":9}},"type":"if","locations":[{"start":{"line":101,"column":8},"end":{"line":105,"column":9}},{"start":{},"end":{}}],"line":101},"3":{"loc":{"start":{"line":132,"column":22},"end":{"line":132,"column":65}},"type":"binary-expr","locations":[{"start":{"line":132,"column":22},"end":{"line":132,"column":50}},{"start":{"line":132,"column":54},"end":{"line":132,"column":65}}],"line":132}},"s":{"0":1,"1":1,"2":1,"3":1,"4":1,"5":1,"6":1,"7":1,"8":1,"9":1,"10":1,"11":1,"12":1,"13":1,"14":1,"15":1,"16":1,"17":1,"18":1,"19":1,"20":0,"21":0,"22":0,"23":0,"24":0,"25":1,"26":0,"27":0,"28":0,"29":0,"30":0,"31":0,"32":0,"33":0,"34":0,"35":0,"36":0,"37":0,"38":0,"39":0},"f":{"0":1,"1":1,"2":1,"3":1,"4":0,"5":0,"6":0,"7":0,"8":0,"9":0},"b":{"0":[1,0],"1":[0,0],"2":[0,0],"3":[0,0]},"_coverageSchema":"1a1c01bbd47fc00a2c39e90264f33305004495a9","hash":"3263f5d5b2b497b216416493c253d6b164e60111"}
,"F:\\Relevel\\Ecommerce App\\ecommerce app\\models\\cart.model.js": {"path":"F:\\Relevel\\Ecommerce App\\ecommerce app\\models\\cart.model.js","statementMap":{"0":{"start":{"line":3,"column":0},"end":{"line":18,"column":1}},"1":{"start":{"line":5,"column":18},"end":{"line":16,"column":6}},"2":{"start":{"line":17,"column":4},"end":{"line":17,"column":16}}},"fnMap":{"0":{"name":"(anonymous_0)","decl":{"start":{"line":3,"column":18},"end":{"line":3,"column":19}},"loc":{"start":{"line":3,"column":42},"end":{"line":18,"column":1}},"line":3}},"branchMap":{},"s":{"0":1,"1":1,"2":1},"f":{"0":1},"b":{},"_coverageSchema":"1a1c01bbd47fc00a2c39e90264f33305004495a9","hash":"e839005355d5bd6837959da00868d03441a105cb"}
,"F:\\Relevel\\Ecommerce App\\ecommerce app\\models\\category.model.js": {"path":"F:\\Relevel\\Ecommerce App\\ecommerce app\\models\\category.model.js","statementMap":{"0":{"start":{"line":11,"column":0},"end":{"line":31,"column":1}},"1":{"start":{"line":13,"column":21},"end":{"line":28,"column":6}},"2":{"start":{"line":30,"column":4},"end":{"line":30,"column":20}}},"fnMap":{"0":{"name":"(anonymous_0)","decl":{"start":{"line":11,"column":17},"end":{"line":11,"column":18}},"loc":{"start":{"line":11,"column":41},"end":{"line":31,"column":1}},"line":11}},"branchMap":{},"s":{"0":1,"1":1,"2":1},"f":{"0":1},"b":{},"_coverageSchema":"1a1c01bbd47fc00a2c39e90264f33305004495a9","hash":"a874ca035de7bc0bb363d27230f24ae8192273a7"}
,"F:\\Relevel\\Ecommerce App\\ecommerce app\\models\\index.js": {"path":"F:\\Relevel\\Ecommerce App\\ecommerce app\\models\\index.js","statementMap":{"0":{"start":{"line":8,"column":18},"end":{"line":8,"column":38}},"1":{"start":{"line":9,"column":15},"end":{"line":9,"column":46}},"2":{"start":{"line":17,"column":18},"end":{"line":31,"column":1}},"3":{"start":{"line":37,"column":9},"end":{"line":37,"column":11}},"4":{"start":{"line":38,"column":0},"end":{"line":38,"column":25}},"5":{"start":{"line":39,"column":0},"end":{"line":39,"column":25}},"6":{"start":{"line":40,"column":0},"end":{"line":40,"column":63}},"7":{"start":{"line":41,"column":0},"end":{"line":41,"column":61}},"8":{"start":{"line":42,"column":0},"end":{"line":42,"column":55}},"9":{"start":{"line":43,"column":0},"end":{"line":43,"column":55}},"10":{"start":{"line":44,"column":0},"end":{"line":44,"column":55}},"11":{"start":{"line":51,"column":0},"end":{"line":55,"column":2}},"12":{"start":{"line":57,"column":0},"end":{"line":61,"column":2}},"13":{"start":{"line":68,"column":0},"end":{"line":68,"column":25}},"14":{"start":{"line":70,"column":0},"end":{"line":74,"column":2}},"15":{"start":{"line":75,"column":0},"end":{"line":79,"column":2}},"16":{"start":{"line":84,"column":0},"end":{"line":84,"column":31}},"17":{"start":{"line":86,"column":0},"end":{"line":86,"column":20}}},"fnMap":{},"branchMap":{},"s":{"0":1,"1":1,"2":1,"3":1,"4":1,"5":1,"6":1,"7":1,"8":1,"9":1,"10":1,"11":1,"12":1,"13":1,"14":1,"15":1,"16":1,"17":1},"f":{},"b":{},"_coverageSchema":"1a1c01bbd47fc00a2c39e90264f33305004495a9","hash":"430fb4ca5c7190210aaf06341bd9da225c90710c"}
,"F:\\Relevel\\Ecommerce App\\ecommerce app\\models\\product.model.js": {"path":"F:\\Relevel\\Ecommerce App\\ecommerce app\\models\\product.model.js","statementMap":{"0":{"start":{"line":3,"column":0},"end":{"line":25,"column":1}},"1":{"start":{"line":5,"column":20},"end":{"line":23,"column":6}},"2":{"start":{"line":24,"column":4},"end":{"line":24,"column":19}}},"fnMap":{"0":{"name":"(anonymous_0)","decl":{"start":{"line":3,"column":17},"end":{"line":3,"column":18}},"loc":{"start":{"line":3,"column":41},"end":{"line":25,"column":1}},"line":3}},"branchMap":{},"s":{"0":1,"1":1,"2":1},"f":{"0":1},"b":{},"_coverageSchema":"1a1c01bbd47fc00a2c39e90264f33305004495a9","hash":"06c7a0681d9dd9d605700cf87030485f18cf8027"}
,"F:\\Relevel\\Ecommerce App\\ecommerce app\\models\\role.model.js": {"path":"F:\\Relevel\\Ecommerce App\\ecommerce app\\models\\role.model.js","statementMap":{"0":{"start":{"line":1,"column":0},"end":{"line":13,"column":1}},"1":{"start":{"line":3,"column":17},"end":{"line":11,"column":6}},"2":{"start":{"line":12,"column":4},"end":{"line":12,"column":16}}},"fnMap":{"0":{"name":"(anonymous_0)","decl":{"start":{"line":1,"column":17},"end":{"line":1,"column":18}},"loc":{"start":{"line":1,"column":41},"end":{"line":13,"column":1}},"line":1}},"branchMap":{},"s":{"0":1,"1":1,"2":1},"f":{"0":1},"b":{},"_coverageSchema":"1a1c01bbd47fc00a2c39e90264f33305004495a9","hash":"43efd3dec014e065409a93d7fb119dab8a744dd1"}
,"F:\\Relevel\\Ecommerce App\\ecommerce app\\models\\user.model.js": {"path":"F:\\Relevel\\Ecommerce App\\ecommerce app\\models\\user.model.js","statementMap":{"0":{"start":{"line":4,"column":0},"end":{"line":18,"column":1}},"1":{"start":{"line":6,"column":17},"end":{"line":16,"column":6}},"2":{"start":{"line":17,"column":4},"end":{"line":17,"column":15}}},"fnMap":{"0":{"name":"(anonymous_0)","decl":{"start":{"line":4,"column":17},"end":{"line":4,"column":18}},"loc":{"start":{"line":4,"column":41},"end":{"line":18,"column":1}},"line":4}},"branchMap":{},"s":{"0":1,"1":1,"2":1},"f":{"0":1},"b":{},"_coverageSchema":"1a1c01bbd47fc00a2c39e90264f33305004495a9","hash":"cb521cbe374a3214679cca4797243d88f175f04a"}
,"F:\\Relevel\\Ecommerce App\\ecommerce app\\tests\\unitTests\\interceptor.js": {"path":"F:\\Relevel\\Ecommerce App\\ecommerce app\\tests\\unitTests\\interceptor.js","statementMap":{"0":{"start":{"line":9,"column":0},"end":{"line":36,"column":1}},"1":{"start":{"line":11,"column":20},"end":{"line":11,"column":22}},"2":{"start":{"line":17,"column":8},"end":{"line":17,"column":50}},"3":{"start":{"line":18,"column":8},"end":{"line":18,"column":52}},"4":{"start":{"line":19,"column":8},"end":{"line":19,"column":50}},"5":{"start":{"line":20,"column":8},"end":{"line":20,"column":18}},"6":{"start":{"line":27,"column":20},"end":{"line":27,"column":22}},"7":{"start":{"line":32,"column":8},"end":{"line":32,"column":52}},"8":{"start":{"line":33,"column":8},"end":{"line":33,"column":50}},"9":{"start":{"line":34,"column":8},"end":{"line":34,"column":19}}},"fnMap":{"0":{"name":"(anonymous_0)","decl":{"start":{"line":10,"column":18},"end":{"line":10,"column":19}},"loc":{"start":{"line":10,"column":22},"end":{"line":21,"column":5}},"line":10},"1":{"name":"(anonymous_1)","decl":{"start":{"line":26,"column":21},"end":{"line":26,"column":22}},"loc":{"start":{"line":26,"column":25},"end":{"line":35,"column":5}},"line":26}},"branchMap":{},"s":{"0":1,"1":1,"2":1,"3":1,"4":1,"5":1,"6":1,"7":1,"8":1,"9":1},"f":{"0":1,"1":1},"b":{},"_coverageSchema":"1a1c01bbd47fc00a2c39e90264f33305004495a9","hash":"477485dcedaa49fc8391c3ebec4177d293bdcf67"}
}
